This is pdfTeX, Version 3.141592653-2.6-1.40.23 (TeX Live 2021/W32TeX) (preloaded format=pdflatex 2022.1.20)  13 FEB 2022 09:36
entering extended mode
 restricted \write18 enabled.
 %&-line parsing enabled.
**progetto_orale_bwt.tex
(./progetto_orale_bwt.tex
LaTeX2e <2021-11-15> patch level 1
L3 programming layer <2022-01-12> (c:/Users/Dario/AppData/Roaming/TinyTeX/texmf-dist/tex/latex/base/article.cls
Document Class: article 2021/10/04 v1.4n Standard LaTeX document class
(c:/Users/Dario/AppData/Roaming/TinyTeX/texmf-dist/tex/latex/base/size10.clo
File: size10.clo 2021/10/04 v1.4n Standard LaTeX file (size option)
)
\c@part=\count185
\c@section=\count186
\c@subsection=\count187
\c@subsubsection=\count188
\c@paragraph=\count189
\c@subparagraph=\count190
\c@figure=\count191
\c@table=\count192
\abovecaptionskip=\skip47
\belowcaptionskip=\skip48
\bibindent=\dimen138
) (c:/Users/Dario/AppData/Roaming/TinyTeX/texmf-dist/tex/latex/graphics/graphicx.sty
Package: graphicx 2021/09/16 v1.2d Enhanced LaTeX Graphics (DPC,SPQR)
 (c:/Users/Dario/AppData/Roaming/TinyTeX/texmf-dist/tex/latex/graphics/keyval.sty
Package: keyval 2014/10/28 v1.15 key=value parser (DPC)
\KV@toks@=\toks16
) (c:/Users/Dario/AppData/Roaming/TinyTeX/texmf-dist/tex/latex/graphics/graphics.sty
Package: graphics 2021/03/04 v1.4d Standard LaTeX Graphics (DPC,SPQR)
 (c:/Users/Dario/AppData/Roaming/TinyTeX/texmf-dist/tex/latex/graphics/trig.sty
Package: trig 2021/08/11 v1.11 sin cos tan (DPC)
) (c:/Users/Dario/AppData/Roaming/TinyTeX/texmf-dist/tex/latex/graphics-cfg/graphics.cfg
File: graphics.cfg 2016/06/04 v1.11 sample graphics configuration
)
Package graphics Info: Driver file: pdftex.def on input line 107.
 (c:/Users/Dario/AppData/Roaming/TinyTeX/texmf-dist/tex/latex/graphics-def/pdftex.def
File: pdftex.def 2020/10/05 v1.2a Graphics/color driver for pdftex
))
\Gin@req@height=\dimen139
\Gin@req@width=\dimen140
) (c:/Users/Dario/AppData/Roaming/TinyTeX/texmf-dist/tex/latex/graphics/color.sty
Package: color 2021/12/07 v1.3c Standard LaTeX Color (DPC)
 (c:/Users/Dario/AppData/Roaming/TinyTeX/texmf-dist/tex/latex/graphics-cfg/color.cfg
File: color.cfg 2016/01/02 v1.6 sample color configuration
)
Package color Info: Driver file: pdftex.def on input line 149.
) (c:/Users/Dario/AppData/Roaming/TinyTeX/texmf-dist/tex/latex/framed/framed.sty
Package: framed 2011/10/22 v 0.96: framed or shaded text with page breaks
\OuterFrameSep=\skip49
\fb@frw=\dimen141
\fb@frh=\dimen142
\FrameRule=\dimen143
\FrameSep=\dimen144
) (c:/Users/Dario/AppData/Roaming/TinyTeX/texmf-dist/tex/latex/base/alltt.sty
Package: alltt 2021/01/29 v2.0g defines alltt environment
) (c:/Users/Dario/AppData/Roaming/TinyTeX/texmf-dist/tex/latex/amsmath/amsmath.sty
Package: amsmath 2021/10/15 v2.17l AMS math features
\@mathmargin=\skip50

For additional information on amsmath, use the `?' option.
(c:/Users/Dario/AppData/Roaming/TinyTeX/texmf-dist/tex/latex/amsmath/amstext.sty
Package: amstext 2021/08/26 v2.01 AMS text
 (c:/Users/Dario/AppData/Roaming/TinyTeX/texmf-dist/tex/latex/amsmath/amsgen.sty
File: amsgen.sty 1999/11/30 v2.0 generic functions
\@emptytoks=\toks17
\ex@=\dimen145
)) (c:/Users/Dario/AppData/Roaming/TinyTeX/texmf-dist/tex/latex/amsmath/amsbsy.sty
Package: amsbsy 1999/11/29 v1.2d Bold Symbols
\pmbraise@=\dimen146
) (c:/Users/Dario/AppData/Roaming/TinyTeX/texmf-dist/tex/latex/amsmath/amsopn.sty
Package: amsopn 2021/08/26 v2.02 operator names
)
\inf@bad=\count193
LaTeX Info: Redefining \frac on input line 234.
\uproot@=\count194
\leftroot@=\count195
LaTeX Info: Redefining \overline on input line 399.
\classnum@=\count196
\DOTSCASE@=\count197
LaTeX Info: Redefining \ldots on input line 496.
LaTeX Info: Redefining \dots on input line 499.
LaTeX Info: Redefining \cdots on input line 620.
\Mathstrutbox@=\box50
\strutbox@=\box51
\big@size=\dimen147
LaTeX Font Info:    Redeclaring font encoding OML on input line 743.
LaTeX Font Info:    Redeclaring font encoding OMS on input line 744.
\macc@depth=\count198
\c@MaxMatrixCols=\count199
\dotsspace@=\muskip16
\c@parentequation=\count266
\dspbrk@lvl=\count267
\tag@help=\toks18
\row@=\count268
\column@=\count269
\maxfields@=\count270
\andhelp@=\toks19
\eqnshift@=\dimen148
\alignsep@=\dimen149
\tagshift@=\dimen150
\tagwidth@=\dimen151
\totwidth@=\dimen152
\lineht@=\dimen153
\@envbody=\toks20
\multlinegap=\skip51
\multlinetaggap=\skip52
\mathdisplay@stack=\toks21
LaTeX Info: Redefining \[ on input line 2938.
LaTeX Info: Redefining \] on input line 2939.
) (c:/Users/Dario/AppData/Roaming/TinyTeX/texmf-dist/tex/latex/l3backend/l3backend-pdftex.def
File: l3backend-pdftex.def 2022-01-12 L3 backend support: PDF output (pdfTeX)
\l__color_backend_stack_int=\count271
\l__pdf_internal_box=\box52
) (./progetto_orale_bwt.aux)
\openout1 = `progetto_orale_bwt.aux'.

LaTeX Font Info:    Checking defaults for OML/cmm/m/it on input line 71.
LaTeX Font Info:    ... okay on input line 71.
LaTeX Font Info:    Checking defaults for OMS/cmsy/m/n on input line 71.
LaTeX Font Info:    ... okay on input line 71.
LaTeX Font Info:    Checking defaults for OT1/cmr/m/n on input line 71.
LaTeX Font Info:    ... okay on input line 71.
LaTeX Font Info:    Checking defaults for T1/cmr/m/n on input line 71.
LaTeX Font Info:    ... okay on input line 71.
LaTeX Font Info:    Checking defaults for TS1/cmr/m/n on input line 71.
LaTeX Font Info:    ... okay on input line 71.
LaTeX Font Info:    Checking defaults for OMX/cmex/m/n on input line 71.
LaTeX Font Info:    ... okay on input line 71.
LaTeX Font Info:    Checking defaults for U/cmr/m/n on input line 71.
LaTeX Font Info:    ... okay on input line 71.
 (c:/Users/Dario/AppData/Roaming/TinyTeX/texmf-dist/tex/latex/epstopdf-pkg/epstopdf-base.sty
Package: epstopdf-base 2020-01-24 v2.11 Base part for package epstopdf
 (c:/Users/Dario/AppData/Roaming/TinyTeX/texmf-dist/tex/generic/infwarerr/infwarerr.sty
Package: infwarerr 2019/12/03 v1.5 Providing info/warning/error messages (HO)
) (c:/Users/Dario/AppData/Roaming/TinyTeX/texmf-dist/tex/latex/grfext/grfext.sty
Package: grfext 2019/12/03 v1.3 Manage graphics extensions (HO)
 (c:/Users/Dario/AppData/Roaming/TinyTeX/texmf-dist/tex/generic/kvdefinekeys/kvdefinekeys.sty
Package: kvdefinekeys 2019-12-19 v1.6 Define keys (HO)
)) (c:/Users/Dario/AppData/Roaming/TinyTeX/texmf-dist/tex/latex/kvoptions/kvoptions.sty
Package: kvoptions 2020-10-07 v3.14 Key value format for package options (HO)
 (c:/Users/Dario/AppData/Roaming/TinyTeX/texmf-dist/tex/generic/ltxcmds/ltxcmds.sty
Package: ltxcmds 2020-05-10 v1.25 LaTeX kernel commands for general use (HO)
) (c:/Users/Dario/AppData/Roaming/TinyTeX/texmf-dist/tex/generic/kvsetkeys/kvsetkeys.sty
Package: kvsetkeys 2019/12/15 v1.18 Key value parser (HO)
)) (c:/Users/Dario/AppData/Roaming/TinyTeX/texmf-dist/tex/generic/pdftexcmds/pdftexcmds.sty
Package: pdftexcmds 2020-06-27 v0.33 Utility functions of pdfTeX for LuaTeX (HO)
 (c:/Users/Dario/AppData/Roaming/TinyTeX/texmf-dist/tex/generic/iftex/iftex.sty
Package: iftex 2020/03/06 v1.0d TeX engine tests
)
Package pdftexcmds Info: \pdf@primitive is available.
Package pdftexcmds Info: \pdf@ifprimitive is available.
Package pdftexcmds Info: \pdfdraftmode found.
)
Package epstopdf-base Info: Redefining graphics rule for `.eps' on input line 485.
Package grfext Info: Graphics extension search list:
(grfext)             [.pdf,.png,.jpg,.mps,.jpeg,.jbig2,.jb2,.PDF,.PNG,.JPG,.JPEG,.JBIG2,.JB2,.eps]
(grfext)             \AppendGraphicsExtensions on input line 504.
 (c:/Users/Dario/AppData/Roaming/TinyTeX/texmf-dist/tex/latex/latexconfig/epstopdf-sys.cfg
File: epstopdf-sys.cfg 2010/07/13 v1.3 Configuration of (r)epstopdf for TeX Live
)) [1

{c:/Users/Dario/AppData/Roaming/TinyTeX/texmf-var/fonts/map/pdftex/updmap/pdftex.map}] (./progetto_orale_bwt.toc)
\tf@toc=\write3
\openout3 = `progetto_orale_bwt.toc'.

 [2

]
Package color Info: Redefining color shadecolor on input line 109.

Overfull \hbox (22.4968pt too wide) in paragraph at lines 132--132
[]\OT1/cmtt/m/n/10 ##   low           age             lwt           race    smoke     ptl[] 
 []


Overfull \hbox (32.9967pt too wide) in paragraph at lines 132--132
[]\OT1/cmtt/m/n/10 ##  No :130   Min.   :14.00   Min.   : 80.0   White:96   No :115   0:159[] 
 []


Overfull \hbox (32.9967pt too wide) in paragraph at lines 132--132
[]\OT1/cmtt/m/n/10 ##  Yes: 59   1st Qu.:19.00   1st Qu.:110.0   Black:26   Yes: 74   1: 24[] 
 []


Overfull \hbox (32.9967pt too wide) in paragraph at lines 132--132
[]\OT1/cmtt/m/n/10 ##            Median :23.00   Median :121.0   Other:67             2:  5[] 
 []


Overfull \hbox (32.9967pt too wide) in paragraph at lines 132--132
[]\OT1/cmtt/m/n/10 ##            Mean   :23.24   Mean   :129.8                        3:  1[] 
 []

[3

]
Package color Info: Redefining color shadecolor on input line 143.
<figure/unnamed-chunk-4-1.pdf, id=19, 505.89pt x 289.08pt>
File: figure/unnamed-chunk-4-1.pdf Graphic file (type pdf)
<use figure/unnamed-chunk-4-1.pdf>
Package pdftex.def Info: figure/unnamed-chunk-4-1.pdf  used on input line 144.
(pdftex.def)             Requested size: 345.0pt x 197.14522pt.

Overfull \hbox (15.0pt too wide) in paragraph at lines 144--146
[][]
 []

Package color Info: Redefining color shadecolor on input line 150.
LaTeX Font Info:    Font shape `OT1/cmtt/bx/n' in size <10> not available
(Font)              Font shape `OT1/cmtt/m/n' tried instead on input line 152.
Package color Info: Redefining color shadecolor on input line 158.
<figure/unnamed-chunk-6-1.pdf, id=20, 505.89pt x 289.08pt>
File: figure/unnamed-chunk-6-1.pdf Graphic file (type pdf)
<use figure/unnamed-chunk-6-1.pdf>
Package pdftex.def Info: figure/unnamed-chunk-6-1.pdf  used on input line 159.
(pdftex.def)             Requested size: 345.0pt x 197.14522pt.

Overfull \hbox (15.0pt too wide) in paragraph at lines 159--161
[][]
 []

[4 <./figure/unnamed-chunk-4-1.pdf>]
Package color Info: Redefining color shadecolor on input line 166.
<figure/unnamed-chunk-7-1.pdf, id=31, 505.89pt x 361.35pt>
File: figure/unnamed-chunk-7-1.pdf Graphic file (type pdf)
<use figure/unnamed-chunk-7-1.pdf>
Package pdftex.def Info: figure/unnamed-chunk-7-1.pdf  used on input line 167.
(pdftex.def)             Requested size: 345.0pt x 246.43153pt.

Overfull \hbox (15.0pt too wide) in paragraph at lines 167--169
[][]
 []

[5 <./figure/unnamed-chunk-6-1.pdf> <./figure/unnamed-chunk-7-1.pdf>]
Package color Info: Redefining color shadecolor on input line 178.
<figure/unnamed-chunk-8-1.pdf, id=47, 505.89pt x 505.89pt>
File: figure/unnamed-chunk-8-1.pdf Graphic file (type pdf)
<use figure/unnamed-chunk-8-1.pdf>
Package pdftex.def Info: figure/unnamed-chunk-8-1.pdf  used on input line 179.
(pdftex.def)             Requested size: 345.0pt x 345.00414pt.

Overfull \hbox (15.0pt too wide) in paragraph at lines 179--181
[][]
 []

Package color Info: Redefining color shadecolor on input line 185.
<figure/unnamed-chunk-9-1.pdf, id=48, 505.89pt x 505.89pt>
File: figure/unnamed-chunk-9-1.pdf Graphic file (type pdf)
<use figure/unnamed-chunk-9-1.pdf>
Package pdftex.def Info: figure/unnamed-chunk-9-1.pdf  used on input line 186.
(pdftex.def)             Requested size: 345.0pt x 345.00414pt.

Overfull \hbox (15.0pt too wide) in paragraph at lines 186--188
[][]
 []

[6 <./figure/unnamed-chunk-8-1.pdf>]
Package color Info: Redefining color shadecolor on input line 200.
<figure/unnamed-chunk-10-1.pdf, id=58, 505.89pt x 505.89pt>
File: figure/unnamed-chunk-10-1.pdf Graphic file (type pdf)
<use figure/unnamed-chunk-10-1.pdf>
Package pdftex.def Info: figure/unnamed-chunk-10-1.pdf  used on input line 201.
(pdftex.def)             Requested size: 345.0pt x 345.00414pt.

Overfull \hbox (15.0pt too wide) in paragraph at lines 201--203
[][]
 []

[7 <./figure/unnamed-chunk-9-1.pdf>]
Package color Info: Redefining color shadecolor on input line 210.
<figure/unnamed-chunk-12-1.pdf, id=69, 505.89pt x 505.89pt>
File: figure/unnamed-chunk-12-1.pdf Graphic file (type pdf)
<use figure/unnamed-chunk-12-1.pdf>
Package pdftex.def Info: figure/unnamed-chunk-12-1.pdf  used on input line 211.
(pdftex.def)             Requested size: 345.0pt x 345.00414pt.

Overfull \hbox (15.0pt too wide) in paragraph at lines 211--213
[][]
 []

[8 <./figure/unnamed-chunk-10-1.pdf>]
Overfull \hbox (12.3895pt too wide) in paragraph at lines 223--224
[]\OT1/cmr/m/n/10 Individuare vari-abili scor-re-late in modo da sem-pli-fi-care la suc-ces-siva creazione
 []

[9 <./figure/unnamed-chunk-12-1.pdf>]
Package color Info: Redefining color shadecolor on input line 234.
Package color Info: Redefining color shadecolor on input line 244.
<figure/unnamed-chunk-15-1.pdf, id=88, 505.89pt x 505.89pt>
File: figure/unnamed-chunk-15-1.pdf Graphic file (type pdf)
<use figure/unnamed-chunk-15-1.pdf>
Package pdftex.def Info: figure/unnamed-chunk-15-1.pdf  used on input line 245.
(pdftex.def)             Requested size: 345.0pt x 345.00414pt.

Overfull \hbox (15.0pt too wide) in paragraph at lines 245--247
[][]
 []

[10 <./figure/unnamed-chunk-15-1.pdf>]
Package color Info: Redefining color shadecolor on input line 260.

Overfull \hbox (0.88025pt too wide) in paragraph at lines 285--286
\OT1/cmr/m/n/10 madri. Tut-tavia, questa sud-di-vi-sione ^^Re grossolana, in quanto non ^^Re espressa
 []

[11]
Package color Info: Redefining color shadecolor on input line 302.
 [12]
Package color Info: Redefining color shadecolor on input line 357.

Overfull \hbox (1.49698pt too wide) in paragraph at lines 391--391
[]\OT1/cmtt/m/n/10 ## lm(formula = bwt ~ age + lwt + race + smoke + ht + ui + ptl.f +[] 
 []

[13] [14]
Package color Info: Redefining color shadecolor on input line 411.
Package color Info: Redefining color shadecolor on input line 435.

Overfull \hbox (6.74693pt too wide) in paragraph at lines 464--464
[]\OT1/cmtt/m/n/10 ## lm(formula = bwt ~ race + smoke + ht + ui + lwt, data = birthwt)[] 
 []

[15]
Package color Info: Redefining color shadecolor on input line 479.

Overfull \hbox (4.77846pt too wide) in paragraph at lines 514--516
\OT1/cmr/m/n/10 siano mod-elli an-nidati, ^^Re pos-si-bile uti-liz-zare il test del rap-porto di verosimiglianza.
 []

[16]
Package color Info: Redefining color shadecolor on input line 518.

Overfull \hbox (11.99689pt too wide) in paragraph at lines 530--530
[]\OT1/cmtt/m/n/10 ## Model 1: bwt ~ age + lwt + race + smoke + ht + ui + ptl.f + ftv.f[] 
 []


Overfull \hbox (11.99689pt too wide) in paragraph at lines 544--544
[]\OT1/cmtt/m/n/10 ## Model 1: bwt ~ age + lwt + race + smoke + ht + ui + ptl.f + ftv.f[] 
 []

Package color Info: Redefining color shadecolor on input line 556.
<figure/unnamed-chunk-25-1.pdf, id=121, 505.89pt x 505.89pt>
File: figure/unnamed-chunk-25-1.pdf Graphic file (type pdf)
<use figure/unnamed-chunk-25-1.pdf>
Package pdftex.def Info: figure/unnamed-chunk-25-1.pdf  used on input line 557.
(pdftex.def)             Requested size: 345.0pt x 345.00414pt.

Overfull \hbox (15.0pt too wide) in paragraph at lines 557--559
[][]
 []

[17]
Package color Info: Redefining color shadecolor on input line 569.
<figure/unnamed-chunk-26-1.pdf, id=125, 505.89pt x 505.89pt>
File: figure/unnamed-chunk-26-1.pdf Graphic file (type pdf)
<use figure/unnamed-chunk-26-1.pdf>
Package pdftex.def Info: figure/unnamed-chunk-26-1.pdf  used on input line 570.
(pdftex.def)             Requested size: 345.0pt x 345.00414pt.

Overfull \hbox (15.0pt too wide) in paragraph at lines 570--572
[][]
 []

[18 <./figure/unnamed-chunk-25-1.pdf>]
Overfull \hbox (40.44511pt too wide) in paragraph at lines 573--574
[]\OT1/cmr/m/n/10 L'andamento dei punti ^^Re ben sovrap-poni-bile con la biset-trice del grafico,rappresentante
 []

Package color Info: Redefining color shadecolor on input line 581.

Overfull \hbox (11.99689pt too wide) in paragraph at lines 612--612
[]\OT1/cmtt/m/n/10 ## lm(formula = bwt ~ +race * smoke + ht + lwt + ui, data = birthwt)[] 
 []


Overfull \hbox (11.99689pt too wide) in paragraph at lines 642--642
[]\OT1/cmtt/m/n/10 ## lm(formula = bwt ~ +race + smoke + ht * lwt + ui, data = birthwt)[] 
 []


Overfull \hbox (53.99652pt too wide) in paragraph at lines 674--674
[]\OT1/cmtt/m/n/10 ## lm(formula = bwt ~ +race + smoke + ht + lwt + ui * ptl.f, data = birthwt)[] 
 []

[19 <./figure/unnamed-chunk-26-1.pdf>] [20] [21]
Package color Info: Redefining color shadecolor on input line 695.
 [22] [23] [24] [25]
Overfull \hbox (11.91733pt too wide) in paragraph at lines 881--882
\OT1/cmr/m/n/10 del peso della madre, la prob-a-bilit^^Ra di avere un bam-bino sot-topeso diminuisce.
 []

Package color Info: Redefining color shadecolor on input line 891.

Overfull \hbox (116.99597pt too wide) in paragraph at lines 893--893
[][]\OT1/cmtt/m/n/10 pseudoRfit6[] []<-[] []((fit6[][]$[][]null.deviance[][]/-[][]2[][])[] []-[] [](fit6[][]$[][]deviance[] []/-[][]2[][]))[] []/[] [](fit6[][]$[][]null.deviance[][]/-[][]2[][])[][] 
 []

Package color Info: Redefining color shadecolor on input line 904.

Overfull \hbox (6.74693pt too wide) in paragraph at lines 1013--1013
[]\OT1/cmtt/m/n/10 ## glm(formula = low ~ ht + ptl.f + lwt + ui + smoke + race + age +[] 
 []


Overfull \hbox (43.49661pt too wide) in paragraph at lines 1013--1013
[]\OT1/cmtt/m/n/10 ## glm(formula = low ~ ht + ptl.f + lwt + smoke + race, family = binomial,[] 
 []


Overfull \hbox (48.74657pt too wide) in paragraph at lines 1013--1013
[]\OT1/cmtt/m/n/10 ## glm(formula = low ~ ht + ptl.f + lwt, family = binomial, data = birthwt)[] 
 []


Overfull \hbox (17.24684pt too wide) in paragraph at lines 1013--1013
[]\OT1/cmtt/m/n/10 ## glm(formula = low ~ ht + ptl.f, family = binomial, data = birthwt)[] 
 []

[26]
Underfull \vbox (badness 10000) detected at line 1014
 []


Underfull \vbox (badness 10000) detected at line 1014
 []

[27]
Underfull \vbox (badness 10000) detected at line 1014
 []


Underfull \vbox (badness 10000) detected at line 1014
 []

[28]
Package color Info: Redefining color shadecolor on input line 1027.

Overfull \hbox (11.99689pt too wide) in paragraph at lines 1047--1047
[]\OT1/cmtt/m/n/10 ## Model 1: low ~ ht + ptl.f + lwt + ui + smoke + race + age + ftv.f[] 
 []

Package color Info: Redefining color shadecolor on input line 1060.

Overfull \hbox (116.99597pt too wide) in paragraph at lines 1062--1062
[][]\OT1/cmtt/m/n/10 pseudoRfit9[] []<-[] []((fit9[][]$[][]null.deviance[][]/-[][]2[][])[] []-[] [](fit9[][]$[][]deviance[] []/-[][]2[][]))[] []/[] [](fit9[][]$[][]null.deviance[][]/-[][]2[][])[][] 
 []

[29]
Package color Info: Redefining color shadecolor on input line 1074.

Overfull \hbox (116.99597pt too wide) in paragraph at lines 1076--1076
[][]\OT1/cmtt/m/n/10 pseudoRfit8[] []<-[] []((fit8[][]$[][]null.deviance[][]/-[][]2[][])[] []-[] [](fit8[][]$[][]deviance[] []/-[][]2[][]))[] []/[] [](fit8[][]$[][]null.deviance[][]/-[][]2[][])[][] 
 []

Package color Info: Redefining color shadecolor on input line 1088.
Package color Info: Redefining color shadecolor on input line 1114.
Package color Info: Redefining color shadecolor on input line 1129.
[30]
Package color Info: Redefining color shadecolor on input line 1149.

Overfull \hbox (242.99487pt too wide) in paragraph at lines 1152--1152
[][]\OT1/cmtt/m/n/10 Lodds[] []<-[] []coeff[[][]1[][]][] []+[] []coeff[[][]2[][]][][]*[][]src[][]$[][]ht[] []+[] []coeff[[][]3[][]][][]*[][]ptl.c[] []+[] []coeff[[][]4[][]][][]*[][]src[][]$[][]lwt[] []+[] []coeff[[][]5[][]][][]*[][]src[][]$[][]smoke[] []+[] []coeff[[][]6[][]][][]*[][]src[][]$[][]race[][] 
 []


Overfull \hbox (80.24629pt too wide) in paragraph at lines 1154--1154
[][]\OT1/cmtt/m/n/10 plot[][](src[][]$[][]lwt,Lodds,[][]xlab[][]=[][]"mother weight(pounds)"[][],[][]main[][]=[][]"Log odds by mother weight"[][])[][] 
 []

<figure/unnamed-chunk-37-1.pdf, id=181, 505.89pt x 505.89pt>
File: figure/unnamed-chunk-37-1.pdf Graphic file (type pdf)
<use figure/unnamed-chunk-37-1.pdf>
Package pdftex.def Info: figure/unnamed-chunk-37-1.pdf  used on input line 1158.
(pdftex.def)             Requested size: 345.0pt x 345.00414pt.

Overfull \hbox (15.0pt too wide) in paragraph at lines 1158--1160
[][]
 []

[31]
Package color Info: Redefining color shadecolor on input line 1169.

Overfull \hbox (43.49661pt too wide) in paragraph at lines 1207--1207
[]\OT1/cmtt/m/n/10 ## glm(formula = low ~ ht + ptl.f + lwt + smoke * race, family = binomial,[] 
 []


Overfull \hbox (43.49661pt too wide) in paragraph at lines 1244--1244
[]\OT1/cmtt/m/n/10 ## glm(formula = low ~ ht * lwt + ptl.f + smoke + race, family = binomial,[] 
 []


Overfull \hbox (38.24666pt too wide) in paragraph at lines 1280--1280
[]\OT1/cmtt/m/n/10 ## glm(formula = low ~ ht + lwt + ptl.f + age * ftv.c, family = binomial,[] 
 []

[32 <./figure/unnamed-chunk-37-1.pdf>] [33] [34]
Package color Info: Redefining color shadecolor on input line 1297.

Overfull \hbox (1.49698pt too wide) in paragraph at lines 1301--1301
[][]\OT1/cmtt/m/n/10 mq.sat[] []<-[] []lm[] [](bwt[] []~[][]age[][]+[][]lwt[][]+[][]race[][]+[][]smoke[][]+[][]ptl[][]+[][]ht[][]+[][]ui[][]+[][]ftv,[][]data[][]=reg.data)[][] 
 []

Package color Info: Redefining color shadecolor on input line 1311.

Overfull \hbox (11.99689pt too wide) in paragraph at lines 1317--1317
[]                 []\OT1/cmtt/m/n/10 ,[] []direction[][]=[][]"forward"[][],[] []k[][]=[][]log[][]([][]length[][](reg.data[][]$[][]bwt)))[][] 
 []

[35]
Package color Info: Redefining color shadecolor on input line 1336.

Overfull \hbox (85.49625pt too wide) in paragraph at lines 1341--1341
[]                 []\OT1/cmtt/m/n/10 ,[] []direction[][]=[][]"backward"[][],[] []k[][]=[][]log[][]([][]length[][](reg.data[][]$[][]bwt)),[] []trace[][]=[][]FALSE[][])[][] 
 []

Package color Info: Redefining color shadecolor on input line 1353.
Package color Info: Redefining color shadecolor on input line 1369.

Overfull \hbox (53.99652pt too wide) in paragraph at lines 1374--1374
[]                       []\OT1/cmtt/m/n/10 ,[] []direction[][]=[][]"forward"[][],[] []k[][]=[][]log[][]([][]length[][](class.data[][]$[][]low)))[][] 
 []

[36]
Package color Info: Redefining color shadecolor on input line 1392.

Overfull \hbox (48.74657pt too wide) in paragraph at lines 1397--1397
[]                       []\OT1/cmtt/m/n/10 ,[] []direction[][]=[][]"backward"[][],[] []k[][]=[][]log[][]([][]length[][](reg.data[][]$[][]bwt)))[][] 
 []

[37]
Package color Info: Redefining color shadecolor on input line 1433.
<figure/unnamed-chunk-48-1.pdf, id=212, 505.89pt x 505.89pt>
File: figure/unnamed-chunk-48-1.pdf Graphic file (type pdf)
<use figure/unnamed-chunk-48-1.pdf>
Package pdftex.def Info: figure/unnamed-chunk-48-1.pdf  used on input line 1434.
(pdftex.def)             Requested size: 345.0pt x 345.00414pt.

Overfull \hbox (15.0pt too wide) in paragraph at lines 1434--1436
[][]
 []

[38]
Package color Info: Redefining color shadecolor on input line 1441.
 [39 <./figure/unnamed-chunk-48-1.pdf>]
Package color Info: Redefining color shadecolor on input line 1511.
 [40]
Package color Info: Redefining color shadecolor on input line 1537.
Package color Info: Redefining color shadecolor on input line 1582.
 [41]
<figure/unnamed-chunk-52-1.pdf, id=230, 505.89pt x 505.89pt>
File: figure/unnamed-chunk-52-1.pdf Graphic file (type pdf)
<use figure/unnamed-chunk-52-1.pdf>
Package pdftex.def Info: figure/unnamed-chunk-52-1.pdf  used on input line 1583.
(pdftex.def)             Requested size: 345.0pt x 345.00414pt.

Overfull \hbox (15.0pt too wide) in paragraph at lines 1583--1585
[][]
 []


Overfull \hbox (2.6673pt too wide) in paragraph at lines 1588--1589
[]\OT1/cmr/m/n/10 low ^^Re con-dizional-mente in-dipen-dente dall'irritabilit^^Ra ute-rina date le restanti
 []

[42 <./figure/unnamed-chunk-52-1.pdf>]
Package color Info: Redefining color shadecolor on input line 1602.
<figure/unnamed-chunk-54-1.pdf, id=239, 505.89pt x 505.89pt>
File: figure/unnamed-chunk-54-1.pdf Graphic file (type pdf)
<use figure/unnamed-chunk-54-1.pdf>
Package pdftex.def Info: figure/unnamed-chunk-54-1.pdf  used on input line 1603.
(pdftex.def)             Requested size: 345.0pt x 345.00414pt.

Overfull \hbox (15.0pt too wide) in paragraph at lines 1603--1605
[][]
 []

[43 <./figure/unnamed-chunk-54-1.pdf>]
Package color Info: Redefining color shadecolor on input line 1620.
<figure/unnamed-chunk-55-1.pdf, id=249, 505.89pt x 505.89pt>
File: figure/unnamed-chunk-55-1.pdf Graphic file (type pdf)
<use figure/unnamed-chunk-55-1.pdf>
Package pdftex.def Info: figure/unnamed-chunk-55-1.pdf  used on input line 1634.
(pdftex.def)             Requested size: 345.0pt x 345.00414pt.

Overfull \hbox (15.0pt too wide) in paragraph at lines 1634--1636
[][]
 []

Package color Info: Redefining color shadecolor on input line 1640.
[44 <./figure/unnamed-chunk-55-1.pdf>]
Package color Info: Redefining color shadecolor on input line 1671.
<figure/unnamed-chunk-57-1.pdf, id=258, 505.89pt x 505.89pt>
File: figure/unnamed-chunk-57-1.pdf Graphic file (type pdf)
<use figure/unnamed-chunk-57-1.pdf>
Package pdftex.def Info: figure/unnamed-chunk-57-1.pdf  used on input line 1679.
(pdftex.def)             Requested size: 345.0pt x 345.00414pt.

Overfull \hbox (15.0pt too wide) in paragraph at lines 1679--1681
[][]
 []

[45]
Package color Info: Redefining color shadecolor on input line 1688.
Package color Info: Redefining color shadecolor on input line 1700.
 [46 <./figure/unnamed-chunk-57-1.pdf>]
Package color Info: Redefining color shadecolor on input line 1712.
Package color Info: Redefining color shadecolor on input line 1724.
Package color Info: Redefining color shadecolor on input line 1737.
Package color Info: Redefining color shadecolor on input line 1765.
 [47]
Overfull \hbox (6.74693pt too wide) in paragraph at lines 1769--1769
[]                        []\OT1/cmtt/m/n/10 ,[] []size[] []=[] []floor[][](training_size[] []*[] []nrow[][](data)))[][] 
 []

Package color Info: Redefining color shadecolor on input line 1778.
[48]
Package color Info: Redefining color shadecolor on input line 1835.

Overfull \hbox (337.49405pt too wide) in paragraph at lines 1837--1837
[][]\OT1/cmtt/m/n/10 low.dag2[] []<-[] []dag[][]([][]~[][]smoke[][]*[][]age.f[] []+[] []ptl.f[][]*[][]smoke[] []+[] []ui[][]*[][]ptl.f[] []+[] []low[][]*[][]ptl.f[] []+[] []ptl.f[][]*[][]ftv[] []+[][]ht[][]*[][]ui[] []+[] []ui[][]*[][]lwt.f[] []+[] []lwt.f[][]*[][]race[] []+[][]smoke[][]*[][]race[] []+[] []low[][]*[][]ht)[][] 
 []


Overfull \hbox (38.24666pt too wide) in paragraph at lines 1841--1841
[][]\OT1/cmtt/m/n/10 pred2[] []<-[] []data.frame[][]([][]predict[][](lowmod3,[][]resp[][]=[][]"low"[][],[][]newdata[][]=val,[][]type[][]=[][]"class"[][]))[][] 
 []

[49] [50] (./progetto_orale_bwt.aux) ) 
Here is how much of TeX's memory you used:
 2623 strings out of 480246
 48224 string characters out of 5894205
 350441 words of memory out of 5000000
 20519 multiletter control sequences out of 15000+600000
 475659 words of font info for 51 fonts, out of 8000000 for 9000
 14 hyphenation exceptions out of 8191
 60i,6n,67p,535b,286s stack positions out of 5000i,500n,10000p,200000b,80000s
 <c:/Users/Dario/AppData/Roaming/TinyTeX/texmf-var/fonts/pk/ljfour/jknappen/ec/tcrm1000.600pk><c:/Users/Dario/AppData/Roaming/TinyTeX/texmf-dist/fonts/type1/public/amsfonts/cm/cmbx10.pfb><c:/Users/Dario/AppData/Roaming/TinyTeX/texmf-dist/fonts/type1/public/amsfonts/cm/cmbx12.pfb><c:/Users/Dario/AppData/Roaming/TinyTeX/texmf-dist/fonts/type1/public/amsfonts/cm/cmitt10.pfb><c:/Users/Dario/AppData/Roaming/TinyTeX/texmf-dist/fonts/type1/public/amsfonts/cm/cmmi10.pfb><c:/Users/Dario/AppData/Roaming/TinyTeX/texmf-dist/fonts/type1/public/amsfonts/cm/cmmi7.pfb><c:/Users/Dario/AppData/Roaming/TinyTeX/texmf-dist/fonts/type1/public/amsfonts/cm/cmr10.pfb><c:/Users/Dario/AppData/Roaming/TinyTeX/texmf-dist/fonts/type1/public/amsfonts/cm/cmr12.pfb><c:/Users/Dario/AppData/Roaming/TinyTeX/texmf-dist/fonts/type1/public/amsfonts/cm/cmr17.pfb><c:/Users/Dario/AppData/Roaming/TinyTeX/texmf-dist/fonts/type1/public/amsfonts/cm/cmr7.pfb><c:/Users/Dario/AppData/Roaming/TinyTeX/texmf-dist/fonts/type1/public/amsfonts/cm/cmsy10.pfb><c:/Users/Dario/AppData/Roaming/TinyTeX/texmf-dist/fonts/type1/public/amsfonts/cm/cmsy7.pfb><c:/Users/Dario/AppData/Roaming/TinyTeX/texmf-dist/fonts/type1/public/amsfonts/cm/cmti10.pfb><c:/Users/Dario/AppData/Roaming/TinyTeX/texmf-dist/fonts/type1/public/amsfonts/cm/cmtt10.pfb>
Output written on progetto_orale_bwt.pdf (50 pages, 381124 bytes).
PDF statistics:
 345 PDF objects out of 1000 (max. 8388607)
 231 compressed objects within 3 object streams
 0 named destinations out of 1000 (max. 500000)
 81 words of extra memory for PDF output out of 10000 (max. 10000000)

